<?xml version="1.0" encoding="UTF-8"?>
<testng-results ignored="0" total="1" passed="1" failed="0" skipped="0">
  <reporter-output>
    <line>
      <![CDATA[Database connected successfully]]>
    </line>
    <line>
      <![CDATA[Browser Launched successfully]]>
    </line>
    <line>
      <![CDATA[Login Page Verified Sucessfully]]>
    </line>
    <line>
      <![CDATA[Cart Validation Sucessfull]]>
    </line>
    <line>
      <![CDATA[Order Summary Validation Sucessfull]]>
    </line>
    <line>
      <![CDATA[Thank you for your order!]]>
    </line>
    <line>
      <![CDATA[Database Disconnected]]>
    </line>
  </reporter-output>
  <suite started-at="2025-10-24T00:25:47 IST" name="Default suite" finished-at="2025-10-24T00:26:02 IST" duration-ms="15169">
    <groups>
    </groups>
    <test started-at="2025-10-24T00:25:47 IST" name="Default test" finished-at="2025-10-24T00:26:02 IST" duration-ms="15169">
      <class name="TestScripts.Demo">
        <test-method is-config="true" signature="databaseConnected()[pri:0, instance:TestScripts.Demo@3c9754d8]" started-at="2025-10-24T00:25:47 IST" name="databaseConnected" finished-at="2025-10-24T00:25:47 IST" duration-ms="13" status="PASS">
          <reporter-output>
            <line>
              <![CDATA[Database connected successfully]]>
            </line>
          </reporter-output>
        </test-method> <!-- databaseConnected -->
        <test-method is-config="true" signature="LaunchBrowser()[pri:0, instance:TestScripts.Demo@3c9754d8]" started-at="2025-10-24T00:25:47 IST" name="LaunchBrowser" finished-at="2025-10-24T00:25:50 IST" duration-ms="2675" status="PASS">
          <reporter-output>
            <line>
              <![CDATA[Browser Launched successfully]]>
            </line>
          </reporter-output>
        </test-method> <!-- LaunchBrowser -->
        <test-method is-config="true" signature="login()[pri:0, instance:TestScripts.Demo@3c9754d8]" started-at="2025-10-24T00:25:50 IST" name="login" finished-at="2025-10-24T00:25:51 IST" duration-ms="1369" status="PASS">
          <reporter-output>
          </reporter-output>
        </test-method> <!-- login -->
        <test-method signature="VerifyHomePage()[pri:0, instance:TestScripts.Demo@3c9754d8]" started-at="2025-10-24T00:25:51 IST" name="VerifyHomePage" finished-at="2025-10-24T00:26:01 IST" duration-ms="9826" status="PASS">
          <reporter-output>
            <line>
              <![CDATA[Login Page Verified Sucessfully]]>
            </line>
            <line>
              <![CDATA[Cart Validation Sucessfull]]>
            </line>
            <line>
              <![CDATA[Order Summary Validation Sucessfull]]>
            </line>
            <line>
              <![CDATA[Thank you for your order!]]>
            </line>
          </reporter-output>
        </test-method> <!-- VerifyHomePage -->
        <test-method is-config="true" signature="logoutFromVtiger()[pri:0, instance:TestScripts.Demo@3c9754d8]" started-at="2025-10-24T00:26:01 IST" name="logoutFromVtiger" finished-at="2025-10-24T00:26:01 IST" duration-ms="395" status="PASS">
          <reporter-output>
          </reporter-output>
        </test-method> <!-- logoutFromVtiger -->
        <test-method is-config="true" signature="closeBrowser()[pri:0, instance:TestScripts.Demo@3c9754d8]" started-at="2025-10-24T00:26:01 IST" name="closeBrowser" finished-at="2025-10-24T00:26:02 IST" duration-ms="843" status="PASS">
          <reporter-output>
          </reporter-output>
        </test-method> <!-- closeBrowser -->
        <test-method is-config="true" signature="databaseDisconnection()[pri:0, instance:TestScripts.Demo@3c9754d8]" started-at="2025-10-24T00:26:02 IST" name="databaseDisconnection" finished-at="2025-10-24T00:26:02 IST" duration-ms="16" status="PASS">
          <reporter-output>
            <line>
              <![CDATA[Database Disconnected]]>
            </line>
          </reporter-output>
        </test-method> <!-- databaseDisconnection -->
      </class> <!-- TestScripts.Demo -->
    </test> <!-- Default test -->
  </suite> <!-- Default suite -->
</testng-results>
