<?xml version="1.0" encoding="UTF-8"?>
<testng-results ignored="0" total="1" passed="1" failed="0" skipped="0">
  <reporter-output>
    <line>
      <![CDATA[Database connected successfully]]>
    </line>
    <line>
      <![CDATA[Browser Launched successfully]]>
    </line>
    <line>
      <![CDATA[Login Page Verifcation Sucessfull]]>
    </line>
    <line>
      <![CDATA[Verifcation done]]>
    </line>
    <line>
      <![CDATA[Order Summary-Validation-Successfull]]>
    </line>
    <line>
      <![CDATA[Thank you for your order!]]>
    </line>
    <line>
      <![CDATA[Database Disconnected]]>
    </line>
  </reporter-output>
  <suite started-at="2025-10-22T22:33:41 IST" name="Default suite" finished-at="2025-10-22T22:33:59 IST" duration-ms="17668">
    <groups>
    </groups>
    <test started-at="2025-10-22T22:33:41 IST" name="Default test" finished-at="2025-10-22T22:33:59 IST" duration-ms="17668">
      <class name="TestScripts.Demo">
        <test-method is-config="true" signature="databaseConnected()[pri:0, instance:TestScripts.Demo@489115ef]" started-at="2025-10-22T22:33:41 IST" name="databaseConnected" finished-at="2025-10-22T22:33:41 IST" duration-ms="16" status="PASS">
          <reporter-output>
            <line>
              <![CDATA[Database connected successfully]]>
            </line>
          </reporter-output>
        </test-method> <!-- databaseConnected -->
        <test-method is-config="true" signature="LaunchBrowser()[pri:0, instance:TestScripts.Demo@489115ef]" started-at="2025-10-22T22:33:41 IST" name="LaunchBrowser" finished-at="2025-10-22T22:33:44 IST" duration-ms="3032" status="PASS">
          <reporter-output>
            <line>
              <![CDATA[Browser Launched successfully]]>
            </line>
          </reporter-output>
        </test-method> <!-- LaunchBrowser -->
        <test-method is-config="true" signature="login()[pri:0, instance:TestScripts.Demo@489115ef]" started-at="2025-10-22T22:33:44 IST" name="login" finished-at="2025-10-22T22:33:46 IST" duration-ms="1803" status="PASS">
          <reporter-output>
          </reporter-output>
        </test-method> <!-- login -->
        <test-method signature="VerifyHomePage()[pri:0, instance:TestScripts.Demo@489115ef]" started-at="2025-10-22T22:33:46 IST" name="VerifyHomePage" finished-at="2025-10-22T22:33:55 IST" duration-ms="9525" status="PASS">
          <reporter-output>
            <line>
              <![CDATA[Login Page Verifcation Sucessfull]]>
            </line>
            <line>
              <![CDATA[Verifcation done]]>
            </line>
            <line>
              <![CDATA[Order Summary-Validation-Successfull]]>
            </line>
            <line>
              <![CDATA[Thank you for your order!]]>
            </line>
          </reporter-output>
        </test-method> <!-- VerifyHomePage -->
        <test-method is-config="true" signature="logoutFromVtiger()[pri:0, instance:TestScripts.Demo@489115ef]" started-at="2025-10-22T22:33:55 IST" name="logoutFromVtiger" finished-at="2025-10-22T22:33:58 IST" duration-ms="2377" status="PASS">
          <reporter-output>
          </reporter-output>
        </test-method> <!-- logoutFromVtiger -->
        <test-method is-config="true" signature="closeBrowser()[pri:0, instance:TestScripts.Demo@489115ef]" started-at="2025-10-22T22:33:58 IST" name="closeBrowser" finished-at="2025-10-22T22:33:59 IST" duration-ms="837" status="PASS">
          <reporter-output>
          </reporter-output>
        </test-method> <!-- closeBrowser -->
        <test-method is-config="true" signature="databaseDisconnection()[pri:0, instance:TestScripts.Demo@489115ef]" started-at="2025-10-22T22:33:59 IST" name="databaseDisconnection" finished-at="2025-10-22T22:33:59 IST" duration-ms="0" status="PASS">
          <reporter-output>
            <line>
              <![CDATA[Database Disconnected]]>
            </line>
          </reporter-output>
        </test-method> <!-- databaseDisconnection -->
      </class> <!-- TestScripts.Demo -->
    </test> <!-- Default test -->
  </suite> <!-- Default suite -->
</testng-results>
